#
# There is insufficient memory for the Java Runtime Environment to continue.
# Native memory allocation (mmap) failed to map 134217728 bytes for Failed to commit area from 0x00000000d1200000 to 0x00000000d9200000 of length 134217728.
# Possible reasons:
#   The system is out of physical RAM or swap space
#   The process is running with CompressedOops enabled, and the Java Heap may be blocking the growth of the native heap
# Possible solutions:
#   Reduce memory load on the system
#   Increase physical memory or swap space
#   Check if swap backing store is full
#   Decrease Java heap size (-Xmx/-Xms)
#   Decrease number of Java threads
#   Decrease Java thread stack sizes (-Xss)
#   Set larger code cache with -XX:ReservedCodeCacheSize=
# This output file may be truncated or incomplete.
#
#  Out of Memory Error (./src/hotspot/os/windows/os_windows.cpp:3619), pid=6640, tid=10812
#
# JRE version:  (11.0.13+7) (build )
# Java VM: OpenJDK 64-Bit Server VM (11.0.13+7-b1751.25, mixed mode, sharing, tiered, compressed oops, g1 gc, windows-amd64)
# No core dump will be written. Minidumps are not enabled by default on client versions of Windows
#

---------------  S U M M A R Y ------------

Command Line: -Djava.rmi.server.hostname=127.0.0.1 -Duser.timezone=UTC -Xmx750m -Xms128m -Dfile.encoding=UTF-8 com.intellij.database.remote.RemoteJdbcServer com.mysql.cj.jdbc.Driver

Host: AMD Ryzen 3 3200U with Radeon Vega Mobile Gfx  , 4 cores, 3G,  Windows 10 , 64 bit Build 17763 (10.0.17763.2803)
Time: Sun May  1 20:12:04 2022 RTZ 1 (ceia) elapsed time: 0.139092 seconds (0d 0h 0m 0s)

---------------  T H R E A D  ---------------

Current thread (0x00000221a0051000):  JavaThread "Unknown thread" [_thread_in_vm, id=10812, stack(0x000000501b300000,0x000000501b400000)]

Stack: [0x000000501b300000,0x000000501b400000]
Native frames: (J=compiled Java code, j=interpreted, Vv=VM code, C=native code)
V  [jvm.dll+0x613daa]
V  [jvm.dll+0x799b30]
V  [jvm.dll+0x79b14d]
V  [jvm.dll+0x79b823]
V  [jvm.dll+0x24c958]
V  [jvm.dll+0x610e24]
V  [jvm.dll+0x605b25]
V  [jvm.dll+0x30aaab]
V  [jvm.dll+0x30aa1a]
V  [jvm.dll+0x30a8f2]
V  [jvm.dll+0x30f856]
V  [jvm.dll+0x359143]
V  [jvm.dll+0x359846]
V  [jvm.dll+0x359243]
V  [jvm.dll+0x2e57a8]
V  [jvm.dll+0x2e6947]
V  [jvm.dll+0x776d47]
V  [jvm.dll+0x77853c]
V  [jvm.dll+0x3666c9]
V  [jvm.dll+0x75a9ce]
V  [jvm.dll+0x3d47d3]
V  [jvm.dll+0x3d6d21]
C  [jli.dll+0x536b]
C  [ucrtbase.dll+0x2268a]
C  [KERNEL32.DLL+0x17974]
C  [ntdll.dll+0x5a2f1]


---------------  P R O C E S S  ---------------

Threads class SMR info:
_java_thread_list=0x000002219def5790, length=0, elements={
}

Java Threads: ( => current thread )

Other Threads:
  0x00000221a0069000 GCTaskThread "GC Thread#0" [stack: 0x000000501b400000,0x000000501b500000] [id=1824]
  0x00000221a0081000 ConcurrentGCThread "G1 Main Marker" [stack: 0x000000501b500000,0x000000501b600000] [id=10016]
  0x00000221a0082800 ConcurrentGCThread "G1 Conc#0" [stack: 0x000000501b600000,0x000000501b700000] [id=10304]

[error occurred during error reporting (printing all threads), id 0xc0000005, EXCEPTION_ACCESS_VIOLATION (0xc0000005) at pc=0x00007ffba84e5c97]

VM state:not at safepoint (not fully initialized)

VM Mutex/Monitor currently owned by a thread:  ([mutex/lock_event])
[0x00000221a004c870] Heap_lock - owner thread: 0x00000221a0051000

Heap address: 0x00000000d1200000, size: 750 MB, Compressed Oops mode: Non-zero based: 0x00000000d1200000
Narrow klass base: 0x0000000000000000, Narrow klass shift: 0

GC Heap History (0 events):
No events

Deoptimization events (0 events):
No events

Classes redefined (0 events):
No events

Internal exceptions (0 events):
No events

Events (1 events):
Event: 0.059 Loaded shared library C:\Program Files\JetBrains\PhpStorm 2021.3.2\jbr\bin\zip.dll


Dynamic libraries:
0x00007ff6c6830000 - 0x00007ff6c683a000 	C:\Program Files\JetBrains\PhpStorm 2021.3.2\jbr\bin\java.exe
0x00007ffbf9d90000 - 0x00007ffbf9f7d000 	C:\Windows\SYSTEM32\ntdll.dll
0x00007ffbd1a70000 - 0x00007ffbd1a86000 	C:\Program Files\Avast Software\Avast\aswhook.dll
0x00007ffbf75e0000 - 0x00007ffbf7694000 	C:\Windows\System32\KERNEL32.DLL
0x00007ffbf6840000 - 0x00007ffbf6ad4000 	C:\Windows\System32\KERNELBASE.dll
0x00007ffbf5ed0000 - 0x00007ffbf5fca000 	C:\Windows\System32\ucrtbase.dll
0x00007ffbe7390000 - 0x00007ffbe73a7000 	C:\Program Files\JetBrains\PhpStorm 2021.3.2\jbr\bin\VCRUNTIME140.dll
0x00007ffbe7240000 - 0x00007ffbe7259000 	C:\Program Files\JetBrains\PhpStorm 2021.3.2\jbr\bin\jli.dll
0x00007ffbf72f0000 - 0x00007ffbf7487000 	C:\Windows\System32\USER32.dll
0x00007ffbf67b0000 - 0x00007ffbf67d0000 	C:\Windows\System32\win32u.dll
0x00007ffbf78a0000 - 0x00007ffbf78c9000 	C:\Windows\System32\GDI32.dll
0x00007ffbf6e20000 - 0x00007ffbf6fbc000 	C:\Windows\System32\gdi32full.dll
0x00007ffbf6b10000 - 0x00007ffbf6bb0000 	C:\Windows\System32\msvcp_win.dll
0x00007ffbe6c50000 - 0x00007ffbe6ec9000 	C:\Windows\WinSxS\amd64_microsoft.windows.common-controls_6595b64144ccf1df_6.0.17763.2803_none_de6d9ee8534e8a05\COMCTL32.dll
0x00007ffbf76a0000 - 0x00007ffbf773e000 	C:\Windows\System32\msvcrt.dll
0x00007ffbf7950000 - 0x00007ffbf7c7d000 	C:\Windows\System32\combase.dll
0x00007ffbf8180000 - 0x00007ffbf829d000 	C:\Windows\System32\RPCRT4.dll
0x00007ffbf6720000 - 0x00007ffbf67a2000 	C:\Windows\System32\bcryptPrimitives.dll
0x00007ffbf7740000 - 0x00007ffbf776e000 	C:\Windows\System32\IMM32.DLL
0x00007ffbc4a60000 - 0x00007ffbc4afd000 	C:\Program Files\JetBrains\PhpStorm 2021.3.2\jbr\bin\msvcp140.dll
0x00007ffba81f0000 - 0x00007ffba8d66000 	C:\Program Files\JetBrains\PhpStorm 2021.3.2\jbr\bin\server\jvm.dll
0x00007ffbf7240000 - 0x00007ffbf72e7000 	C:\Windows\System32\ADVAPI32.dll
0x00007ffbf82a0000 - 0x00007ffbf833f000 	C:\Windows\System32\sechost.dll
0x00007ffbf6fc0000 - 0x00007ffbf6fc8000 	C:\Windows\System32\PSAPI.DLL
0x00007ffbe3db0000 - 0x00007ffbe3db9000 	C:\Windows\SYSTEM32\WSOCK32.dll
0x00007ffbf7c80000 - 0x00007ffbf7ced000 	C:\Windows\System32\WS2_32.dll
0x00007ffbf0e40000 - 0x00007ffbf0e4a000 	C:\Windows\SYSTEM32\VERSION.dll
0x00007ffbf3dd0000 - 0x00007ffbf3df4000 	C:\Windows\SYSTEM32\WINMM.dll
0x00007ffbf3cb0000 - 0x00007ffbf3cdd000 	C:\Windows\SYSTEM32\WINMMBASE.dll
0x00007ffbf6db0000 - 0x00007ffbf6dfa000 	C:\Windows\System32\cfgmgr32.dll
0x00007ffbf5d70000 - 0x00007ffbf5d81000 	C:\Windows\System32\kernel.appcore.dll
0x00007ffbee420000 - 0x00007ffbee431000 	C:\Program Files\JetBrains\PhpStorm 2021.3.2\jbr\bin\verify.dll
0x00007ffbeac00000 - 0x00007ffbeaded000 	C:\Windows\SYSTEM32\DBGHELP.DLL
0x00007ffbeabd0000 - 0x00007ffbeabfa000 	C:\Windows\SYSTEM32\dbgcore.DLL
0x00007ffbee2d0000 - 0x00007ffbee2f9000 	C:\Program Files\JetBrains\PhpStorm 2021.3.2\jbr\bin\java.dll
0x00007ffbee4a0000 - 0x00007ffbee4ab000 	C:\Program Files\JetBrains\PhpStorm 2021.3.2\jbr\bin\jimage.dll
0x00007ffbeddb0000 - 0x00007ffbeddc8000 	C:\Program Files\JetBrains\PhpStorm 2021.3.2\jbr\bin\zip.dll

dbghelp: loaded successfully - version: 4.0.5 - missing functions: none
symbol engine: initialized successfully - sym options: 0x614 - pdb path: .;C:\Program Files\JetBrains\PhpStorm 2021.3.2\jbr\bin;C:\Windows\SYSTEM32;C:\Program Files\Avast Software\Avast;C:\Windows\WinSxS\amd64_microsoft.windows.common-controls_6595b64144ccf1df_6.0.17763.2803_none_de6d9ee8534e8a05;C:\Program Files\JetBrains\PhpStorm 2021.3.2\jbr\bin\server

VM Arguments:
jvm_args: -Djava.rmi.server.hostname=127.0.0.1 -Duser.timezone=UTC -Xmx750m -Xms128m -Dfile.encoding=UTF-8 
java_command: com.intellij.database.remote.RemoteJdbcServer com.mysql.cj.jdbc.Driver
java_class_path (initial): C:\Program Files\JetBrains\PhpStorm 2021.3.2\lib\util.jar;C:\Program Files\JetBrains\PhpStorm 2021.3.2\lib\org_codehaus_groovy_groovy.jar;C:\Program Files\JetBrains\PhpStorm 2021.3.2\plugins\DatabaseTools\lib\jdbc-console.jar;C:\Users\Дом\AppData\Roaming\JetBrains\PhpStorm2021.3\jdbc-drivers\MySQL ConnectorJ\8.0.25\mysql-connector-java-8.0.25.jar
Launcher Type: SUN_STANDARD

[Global flags]
     intx CICompilerCount                          = 3                                         {product} {ergonomic}
     uint ConcGCThreads                            = 1                                         {product} {ergonomic}
     uint G1ConcRefinementThreads                  = 4                                         {product} {ergonomic}
   size_t G1HeapRegionSize                         = 1048576                                   {product} {ergonomic}
    uintx GCDrainStackTargetSize                   = 64                                        {product} {ergonomic}
   size_t InitialHeapSize                          = 134217728                                 {product} {command line}
   size_t MarkStackSize                            = 4194304                                   {product} {ergonomic}
   size_t MaxHeapSize                              = 786432000                                 {product} {command line}
   size_t MinHeapDeltaBytes                        = 1048576                                   {product} {ergonomic}
    uintx NonNMethodCodeHeapSize                   = 5830732                                {pd product} {ergonomic}
    uintx NonProfiledCodeHeapSize                  = 122913754                              {pd product} {ergonomic}
    uintx ProfiledCodeHeapSize                     = 122913754                              {pd product} {ergonomic}
    uintx ReservedCodeCacheSize                    = 251658240                              {pd product} {ergonomic}
     bool SegmentedCodeCache                       = true                                      {product} {ergonomic}
     bool UseCompressedClassPointers               = true                                 {lp64_product} {ergonomic}
     bool UseCompressedOops                        = true                                 {lp64_product} {ergonomic}
     bool UseG1GC                                  = true                                      {product} {ergonomic}
     bool UseLargePagesIndividualAllocation        = false                                  {pd product} {ergonomic}

Logging:
Log output configuration:
 #0: stdout all=warning uptime,level,tags
 #1: stderr all=off uptime,level,tags

Environment Variables:
PATH=C:\Program Files (x86)\NVIDIA Corporation\PhysX\Common;C:\Program Files\Python39\Scripts\;C:\Program Files\Python39\;C:\Windows\system32;C:\Windows;C:\Windows\System32\Wbem;C:\Windows\System32\WindowsPowerShell\v1.0\;C:\Windows\System32\OpenSSH\;C:\Program Files\Microsoft SQL Server\150\Tools\Binn\;C:\Program Files\Docker\Docker\resources\bin;C:\ProgramData\DockerDesktop\version-bin;C:\ProgramData\ComposerSetup\bin;C:\Users\Дом\AppData\Local\Microsoft\WindowsApps;C:\Users\Дом\Desktop\университет\PyCharm 2020.2.1\bin;C:\Program Files\JetBrains\университет 2020.2.3\bin;C:\Users\Дом\AppData\Local\gitkraken\bin;C:\php;C:\Users\Дом\AppData\Roaming\Composer\vendor\bin
USERNAME=Дом
OS=Windows_NT
PROCESSOR_IDENTIFIER=AMD64 Family 23 Model 24 Stepping 1, AuthenticAMD



---------------  S Y S T E M  ---------------

OS: Windows 10 , 64 bit Build 17763 (10.0.17763.2803)
OS uptime: 0 days 5:28 hours
Hyper-V role detected

CPU:total 4 (initial active 4) (4 cores per cpu, 2 threads per core) family 23 model 24 stepping 1 microcode 0x0, cmov, cx8, fxsr, mmx, sse, sse2, sse3, ssse3, sse4.1, sse4.2, popcnt, avx, avx2, aes, clmul, mmxext, 3dnowpref, lzcnt, sse4a, ht, tsc, tscinvbit, tscinv, bmi1, bmi2, adx, sha, fma

Memory: 4k page, system-wide physical 3459M (442M free)
TotalPageFile size 6502M (AvailPageFile size 84M)
current process WorkingSet (physical memory assigned to process): 9M, peak: 9M
current process commit charge ("private bytes"): 51M, peak: 179M

vm_info: OpenJDK 64-Bit Server VM (11.0.13+7-b1751.25) for windows-amd64 JRE (11.0.13+7-b1751.25), built on Jan 13 2022 20:47:27 by "" with MS VC++ 14.0 (VS2015)

END.
